<?xml version="1.0" encoding="UTF-8"?>
<!-- Generated by org.testng.reporters.JUnitXMLReporter -->
<testsuite hostname="LAPTOP-IFGHVPFF" name="Test" tests="2" failures="1" timestamp="23 Jan 2020 14:35:36 GMT" time="50.451" errors="0">
  <testcase name="walmartTitleTest" time="0.032" classname="com.qa.testclass.LoginClassTest">
    <failure type="java.lang.AssertionError" message="expected [true] but found [false]">
      <![CDATA[java.lang.AssertionError: expected [true] but found [false]
	at com.qa.testclass.LoginClassTest.walmartTitleTest(LoginClassTest.java:44)
... Removed 28 stack frames]]>
    </failure>
  </testcase> <!-- walmartTitleTest -->
  <testcase name="validateclickOnMyAccount" time="7.553" classname="com.qa.testclass.LoginClassTest"/>
</testsuite> <!-- Test -->
