<?xml version="1.0" encoding="UTF-8"?>
<testng-results skipped="0" failed="2" total="4" passed="2">
  <reporter-output>
  </reporter-output>
  <suite name="Command line suite" duration-ms="127679" started-at="2020-01-22T15:06:16Z" finished-at="2020-01-22T15:08:23Z">
    <groups>
    </groups>
    <test name="Command line test" duration-ms="127679" started-at="2020-01-22T15:06:16Z" finished-at="2020-01-22T15:08:23Z">
      <class name="com.qa.testclass.LoginClassTest">
        <test-method status="PASS" signature="setup()[pri:0, instance:com.qa.testclass.LoginClassTest@7ca48474]" name="setup" is-config="true" duration-ms="16381" started-at="2020-01-22T10:06:54Z" finished-at="2020-01-22T10:07:11Z">
          <reporter-output>
          </reporter-output>
        </test-method> <!-- setup -->
        <test-method status="FAIL" signature="walmartTitleTest()[pri:0, instance:com.qa.testclass.LoginClassTest@7ca48474]" name="walmartTitleTest" duration-ms="18" started-at="2020-01-22T10:07:11Z" finished-at="2020-01-22T10:07:11Z">
          <exception class="java.lang.AssertionError">
            <message>
              <![CDATA[expected [true] but found [false]]]>
            </message>
            <full-stacktrace>
              <![CDATA[java.lang.AssertionError: expected [true] but found [false]
	at org.testng.Assert.fail(Assert.java:94)
	at org.testng.Assert.failNotEquals(Assert.java:494)
	at org.testng.Assert.assertTrue(Assert.java:42)
	at org.testng.Assert.assertTrue(Assert.java:52)
	at com.qa.testclass.LoginClassTest.walmartTitleTest(LoginClassTest.java:44)
	at sun.reflect.NativeMethodAccessorImpl.invoke0(Native Method)
	at sun.reflect.NativeMethodAccessorImpl.invoke(NativeMethodAccessorImpl.java:62)
	at sun.reflect.DelegatingMethodAccessorImpl.invoke(DelegatingMethodAccessorImpl.java:43)
	at java.lang.reflect.Method.invoke(Method.java:498)
	at org.testng.internal.MethodInvocationHelper.invokeMethod(MethodInvocationHelper.java:84)
	at org.testng.internal.Invoker.invokeMethod(Invoker.java:714)
	at org.testng.internal.Invoker.invokeTestMethod(Invoker.java:901)
	at org.testng.internal.Invoker.invokeTestMethods(Invoker.java:1231)
	at org.testng.internal.TestMethodWorker.invokeTestMethods(TestMethodWorker.java:127)
	at org.testng.internal.TestMethodWorker.run(TestMethodWorker.java:111)
	at org.testng.TestRunner.privateRun(TestRunner.java:767)
	at org.testng.TestRunner.run(TestRunner.java:617)
	at org.testng.SuiteRunner.runTest(SuiteRunner.java:348)
	at org.testng.SuiteRunner.runSequentially(SuiteRunner.java:343)
	at org.testng.SuiteRunner.privateRun(SuiteRunner.java:305)
	at org.testng.SuiteRunner.run(SuiteRunner.java:254)
	at org.testng.SuiteRunnerWorker.runSuite(SuiteRunnerWorker.java:52)
	at org.testng.SuiteRunnerWorker.run(SuiteRunnerWorker.java:86)
	at org.testng.TestNG.runSuitesSequentially(TestNG.java:1224)
	at org.testng.TestNG.runSuitesLocally(TestNG.java:1149)
	at org.testng.TestNG.run(TestNG.java:1057)
	at org.apache.maven.surefire.testng.TestNGExecutor.run(TestNGExecutor.java:77)
	at org.apache.maven.surefire.testng.TestNGDirectoryTestSuite.executeMulti(TestNGDirectoryTestSuite.java:159)
	at org.apache.maven.surefire.testng.TestNGDirectoryTestSuite.execute(TestNGDirectoryTestSuite.java:99)
	at org.apache.maven.surefire.testng.TestNGProvider.invoke(TestNGProvider.java:106)
	at sun.reflect.NativeMethodAccessorImpl.invoke0(Native Method)
	at sun.reflect.NativeMethodAccessorImpl.invoke(NativeMethodAccessorImpl.java:62)
	at sun.reflect.DelegatingMethodAccessorImpl.invoke(DelegatingMethodAccessorImpl.java:43)
	at java.lang.reflect.Method.invoke(Method.java:498)
	at org.apache.maven.surefire.util.ReflectionUtils.invokeMethodWithArray(ReflectionUtils.java:189)
	at org.apache.maven.surefire.booter.ProviderFactory$ProviderProxy.invoke(ProviderFactory.java:165)
	at org.apache.maven.surefire.booter.ProviderFactory.invokeProvider(ProviderFactory.java:85)
	at org.apache.maven.surefire.booter.ForkedBooter.runSuitesInProcess(ForkedBooter.java:115)
	at org.apache.maven.surefire.booter.ForkedBooter.main(ForkedBooter.java:75)
]]>
            </full-stacktrace>
          </exception> <!-- java.lang.AssertionError -->
          <reporter-output>
          </reporter-output>
        </test-method> <!-- walmartTitleTest -->
        <test-method status="PASS" signature="teardown()[pri:0, instance:com.qa.testclass.LoginClassTest@7ca48474]" name="teardown" is-config="true" duration-ms="194" started-at="2020-01-22T10:07:11Z" finished-at="2020-01-22T10:07:11Z">
          <reporter-output>
          </reporter-output>
        </test-method> <!-- teardown -->
        <test-method status="PASS" signature="setup()[pri:0, instance:com.qa.testclass.LoginClassTest@7ca48474]" name="setup" is-config="true" duration-ms="24992" started-at="2020-01-22T10:07:11Z" finished-at="2020-01-22T10:07:36Z">
          <reporter-output>
          </reporter-output>
        </test-method> <!-- setup -->
        <test-method status="PASS" signature="validateclickOnMyAccount()[pri:0, instance:com.qa.testclass.LoginClassTest@7ca48474]" name="validateclickOnMyAccount" duration-ms="17576" started-at="2020-01-22T10:07:36Z" finished-at="2020-01-22T10:07:54Z">
          <reporter-output>
          </reporter-output>
        </test-method> <!-- validateclickOnMyAccount -->
        <test-method status="PASS" signature="teardown()[pri:0, instance:com.qa.testclass.LoginClassTest@7ca48474]" name="teardown" is-config="true" duration-ms="165" started-at="2020-01-22T10:07:54Z" finished-at="2020-01-22T10:07:54Z">
          <reporter-output>
          </reporter-output>
        </test-method> <!-- teardown -->
        <test-method status="PASS" signature="setup()[pri:0, instance:com.qa.testclass.LoginClassTest@7ca48474]" name="setup" is-config="true" duration-ms="14568" started-at="2020-01-22T10:07:54Z" finished-at="2020-01-22T10:08:08Z">
          <reporter-output>
          </reporter-output>
        </test-method> <!-- setup -->
        <test-method status="PASS" signature="validateElectronicsTest()[pri:0, instance:com.qa.testclass.LoginClassTest@7ca48474]" name="validateElectronicsTest" duration-ms="14485" started-at="2020-01-22T10:08:08Z" finished-at="2020-01-22T10:08:23Z">
          <reporter-output>
          </reporter-output>
        </test-method> <!-- validateElectronicsTest -->
        <test-method status="PASS" signature="teardown()[pri:0, instance:com.qa.testclass.LoginClassTest@7ca48474]" name="teardown" is-config="true" duration-ms="702" started-at="2020-01-22T10:08:23Z" finished-at="2020-01-22T10:08:23Z">
          <reporter-output>
          </reporter-output>
        </test-method> <!-- teardown -->
      </class> <!-- com.qa.testclass.LoginClassTest -->
      <class name="com.qa.testclass.ElectronicsClassTest">
        <test-method status="PASS" signature="setUp()[pri:0, instance:com.qa.testclass.ElectronicsClassTest@9f70c54]" name="setUp" is-config="true" duration-ms="38574" started-at="2020-01-22T10:06:16Z" finished-at="2020-01-22T10:06:54Z">
          <reporter-output>
          </reporter-output>
        </test-method> <!-- setUp -->
        <test-method status="FAIL" signature="validateElectronicsPageTitle()[pri:0, instance:com.qa.testclass.ElectronicsClassTest@9f70c54]" name="validateElectronicsPageTitle" duration-ms="2" started-at="2020-01-22T10:06:54Z" finished-at="2020-01-22T10:06:54Z">
          <exception class="java.lang.NullPointerException">
            <full-stacktrace>
              <![CDATA[java.lang.NullPointerException
	at com.qa.testclass.ElectronicsClassTest.validateElectronicsPageTitle(ElectronicsClassTest.java:50)
	at sun.reflect.NativeMethodAccessorImpl.invoke0(Native Method)
	at sun.reflect.NativeMethodAccessorImpl.invoke(NativeMethodAccessorImpl.java:62)
	at sun.reflect.DelegatingMethodAccessorImpl.invoke(DelegatingMethodAccessorImpl.java:43)
	at java.lang.reflect.Method.invoke(Method.java:498)
	at org.testng.internal.MethodInvocationHelper.invokeMethod(MethodInvocationHelper.java:84)
	at org.testng.internal.Invoker.invokeMethod(Invoker.java:714)
	at org.testng.internal.Invoker.invokeTestMethod(Invoker.java:901)
	at org.testng.internal.Invoker.invokeTestMethods(Invoker.java:1231)
	at org.testng.internal.TestMethodWorker.invokeTestMethods(TestMethodWorker.java:127)
	at org.testng.internal.TestMethodWorker.run(TestMethodWorker.java:111)
	at org.testng.TestRunner.privateRun(TestRunner.java:767)
	at org.testng.TestRunner.run(TestRunner.java:617)
	at org.testng.SuiteRunner.runTest(SuiteRunner.java:348)
	at org.testng.SuiteRunner.runSequentially(SuiteRunner.java:343)
	at org.testng.SuiteRunner.privateRun(SuiteRunner.java:305)
	at org.testng.SuiteRunner.run(SuiteRunner.java:254)
	at org.testng.SuiteRunnerWorker.runSuite(SuiteRunnerWorker.java:52)
	at org.testng.SuiteRunnerWorker.run(SuiteRunnerWorker.java:86)
	at org.testng.TestNG.runSuitesSequentially(TestNG.java:1224)
	at org.testng.TestNG.runSuitesLocally(TestNG.java:1149)
	at org.testng.TestNG.run(TestNG.java:1057)
	at org.apache.maven.surefire.testng.TestNGExecutor.run(TestNGExecutor.java:77)
	at org.apache.maven.surefire.testng.TestNGDirectoryTestSuite.executeMulti(TestNGDirectoryTestSuite.java:159)
	at org.apache.maven.surefire.testng.TestNGDirectoryTestSuite.execute(TestNGDirectoryTestSuite.java:99)
	at org.apache.maven.surefire.testng.TestNGProvider.invoke(TestNGProvider.java:106)
	at sun.reflect.NativeMethodAccessorImpl.invoke0(Native Method)
	at sun.reflect.NativeMethodAccessorImpl.invoke(NativeMethodAccessorImpl.java:62)
	at sun.reflect.DelegatingMethodAccessorImpl.invoke(DelegatingMethodAccessorImpl.java:43)
	at java.lang.reflect.Method.invoke(Method.java:498)
	at org.apache.maven.surefire.util.ReflectionUtils.invokeMethodWithArray(ReflectionUtils.java:189)
	at org.apache.maven.surefire.booter.ProviderFactory$ProviderProxy.invoke(ProviderFactory.java:165)
	at org.apache.maven.surefire.booter.ProviderFactory.invokeProvider(ProviderFactory.java:85)
	at org.apache.maven.surefire.booter.ForkedBooter.runSuitesInProcess(ForkedBooter.java:115)
	at org.apache.maven.surefire.booter.ForkedBooter.main(ForkedBooter.java:75)
]]>
            </full-stacktrace>
          </exception> <!-- java.lang.NullPointerException -->
          <reporter-output>
          </reporter-output>
        </test-method> <!-- validateElectronicsPageTitle -->
        <test-method status="PASS" signature="tearDown()[pri:0, instance:com.qa.testclass.ElectronicsClassTest@9f70c54]" name="tearDown" is-config="true" duration-ms="1" started-at="2020-01-22T10:06:54Z" finished-at="2020-01-22T10:06:54Z">
          <reporter-output>
          </reporter-output>
        </test-method> <!-- tearDown -->
      </class> <!-- com.qa.testclass.ElectronicsClassTest -->
    </test> <!-- Command line test -->
  </suite> <!-- Command line suite -->
</testng-results>
