<?xml version="1.0" encoding="UTF-8"?>
<testng-results skipped="0" failed="1" total="3" passed="2">
  <reporter-output>
  </reporter-output>
  <suite name="Suite" duration-ms="76563" started-at="2020-01-19T23:09:02Z" finished-at="2020-01-19T23:10:19Z">
    <groups>
    </groups>
    <test name="Test" duration-ms="76563" started-at="2020-01-19T23:09:02Z" finished-at="2020-01-19T23:10:19Z">
      <class name="com.qa.testclass.LoginClassTest">
        <test-method status="PASS" signature="setup()[pri:0, instance:com.qa.testclass.LoginClassTest@13acb0d1]" name="setup" is-config="true" duration-ms="18214" started-at="2020-01-19T18:09:02Z" finished-at="2020-01-19T18:09:21Z">
          <reporter-output>
          </reporter-output>
        </test-method> <!-- setup -->
        <test-method status="FAIL" signature="walmartTitleTest()[pri:0, instance:com.qa.testclass.LoginClassTest@13acb0d1]" name="walmartTitleTest" duration-ms="41" started-at="2020-01-19T18:09:21Z" finished-at="2020-01-19T18:09:21Z">
          <exception class="java.lang.AssertionError">
            <message>
              <![CDATA[expected [true] but found [false]]]>
            </message>
            <full-stacktrace>
              <![CDATA[java.lang.AssertionError: expected [true] but found [false]
	at org.testng.Assert.fail(Assert.java:94)
	at org.testng.Assert.failNotEquals(Assert.java:494)
	at org.testng.Assert.assertTrue(Assert.java:42)
	at org.testng.Assert.assertTrue(Assert.java:52)
	at com.qa.testclass.LoginClassTest.walmartTitleTest(LoginClassTest.java:44)
	at sun.reflect.NativeMethodAccessorImpl.invoke0(Native Method)
	at sun.reflect.NativeMethodAccessorImpl.invoke(Unknown Source)
	at sun.reflect.DelegatingMethodAccessorImpl.invoke(Unknown Source)
	at java.lang.reflect.Method.invoke(Unknown Source)
	at org.testng.internal.MethodInvocationHelper.invokeMethod(MethodInvocationHelper.java:84)
	at org.testng.internal.Invoker.invokeMethod(Invoker.java:714)
	at org.testng.internal.Invoker.invokeTestMethod(Invoker.java:901)
	at org.testng.internal.Invoker.invokeTestMethods(Invoker.java:1231)
	at org.testng.internal.TestMethodWorker.invokeTestMethods(TestMethodWorker.java:127)
	at org.testng.internal.TestMethodWorker.run(TestMethodWorker.java:111)
	at org.testng.TestRunner.privateRun(TestRunner.java:767)
	at org.testng.TestRunner.run(TestRunner.java:617)
	at org.testng.SuiteRunner.runTest(SuiteRunner.java:348)
	at org.testng.SuiteRunner.runSequentially(SuiteRunner.java:343)
	at org.testng.SuiteRunner.privateRun(SuiteRunner.java:305)
	at org.testng.SuiteRunner.run(SuiteRunner.java:254)
	at org.testng.SuiteRunnerWorker.runSuite(SuiteRunnerWorker.java:52)
	at org.testng.SuiteRunnerWorker.run(SuiteRunnerWorker.java:86)
	at org.testng.TestNG.runSuitesSequentially(TestNG.java:1224)
	at org.testng.TestNG.runSuitesLocally(TestNG.java:1149)
	at org.testng.TestNG.run(TestNG.java:1057)
	at org.testng.remote.AbstractRemoteTestNG.run(AbstractRemoteTestNG.java:115)
	at org.testng.remote.RemoteTestNG.initAndRun(RemoteTestNG.java:251)
	at org.testng.remote.RemoteTestNG.main(RemoteTestNG.java:77)
]]>
            </full-stacktrace>
          </exception> <!-- java.lang.AssertionError -->
          <reporter-output>
          </reporter-output>
        </test-method> <!-- walmartTitleTest -->
        <test-method status="PASS" signature="teardown()[pri:0, instance:com.qa.testclass.LoginClassTest@13acb0d1]" name="teardown" is-config="true" duration-ms="258" started-at="2020-01-19T18:09:21Z" finished-at="2020-01-19T18:09:22Z">
          <reporter-output>
          </reporter-output>
        </test-method> <!-- teardown -->
        <test-method status="PASS" signature="setup()[pri:0, instance:com.qa.testclass.LoginClassTest@13acb0d1]" name="setup" is-config="true" duration-ms="16672" started-at="2020-01-19T18:09:22Z" finished-at="2020-01-19T18:09:38Z">
          <reporter-output>
          </reporter-output>
        </test-method> <!-- setup -->
        <test-method status="PASS" signature="validateclickOnMyAccount()[pri:0, instance:com.qa.testclass.LoginClassTest@13acb0d1]" name="validateclickOnMyAccount" duration-ms="5535" started-at="2020-01-19T18:09:38Z" finished-at="2020-01-19T18:09:44Z">
          <reporter-output>
          </reporter-output>
        </test-method> <!-- validateclickOnMyAccount -->
        <test-method status="PASS" signature="teardown()[pri:0, instance:com.qa.testclass.LoginClassTest@13acb0d1]" name="teardown" is-config="true" duration-ms="4255" started-at="2020-01-19T18:09:44Z" finished-at="2020-01-19T18:09:48Z">
          <reporter-output>
          </reporter-output>
        </test-method> <!-- teardown -->
        <test-method status="PASS" signature="setup()[pri:0, instance:com.qa.testclass.LoginClassTest@13acb0d1]" name="setup" is-config="true" duration-ms="18539" started-at="2020-01-19T18:09:48Z" finished-at="2020-01-19T18:10:07Z">
          <reporter-output>
          </reporter-output>
        </test-method> <!-- setup -->
        <test-method status="PASS" signature="validateElectronicsTest()[pri:0, instance:com.qa.testclass.LoginClassTest@13acb0d1]" name="validateElectronicsTest" duration-ms="10988" started-at="2020-01-19T18:10:07Z" finished-at="2020-01-19T18:10:18Z">
          <reporter-output>
          </reporter-output>
        </test-method> <!-- validateElectronicsTest -->
        <test-method status="PASS" signature="teardown()[pri:0, instance:com.qa.testclass.LoginClassTest@13acb0d1]" name="teardown" is-config="true" duration-ms="1143" started-at="2020-01-19T18:10:18Z" finished-at="2020-01-19T18:10:19Z">
          <reporter-output>
          </reporter-output>
        </test-method> <!-- teardown -->
      </class> <!-- com.qa.testclass.LoginClassTest -->
    </test> <!-- Test -->
  </suite> <!-- Suite -->
</testng-results>
